<?xml version="1.0" encoding="UTF-8"?>
<!-- Generated by org.testng.reporters.JUnitXMLReporter -->
<testsuite ignored="5" hostname="DESKTOP-OHQC077" failures="0" tests="1" name="Default test" time="29.255" errors="0" timestamp="2025-05-19T16:07:16 IST">
  <testcase classname="stepDefinitions.learing" name="checkbox" time="9.309"/>
  <testcase classname="stepDefinitions.learing" name="color" time="0.0">
    <ignored/>
  </testcase> <!-- color -->
  <testcase classname="stepDefinitions.learing" name="readPDFContentTest" time="0.0">
    <ignored/>
  </testcase> <!-- readPDFContentTest -->
  <testcase classname="stepDefinitions.learing" name="reportValidation" time="0.0">
    <ignored/>
  </testcase> <!-- reportValidation -->
  <testcase classname="stepDefinitions.learing" name="timezoneselection" time="0.0">
    <ignored/>
  </testcase> <!-- timezoneselection -->
  <testcase classname="stepDefinitions.learing" name="Valid_teamMemberName" time="0.0">
    <ignored/>
  </testcase> <!-- Valid_teamMemberName -->
</testsuite> <!-- Default test -->
