<?xml version="1.0" encoding="UTF-8"?>
<testng-results ignored="0" total="1" passed="1" failed="0" skipped="0">
  <reporter-output>
  </reporter-output>
  <suite started-at="2025-05-19T16:06:47 IST" name="Default suite" finished-at="2025-05-19T16:07:16 IST" duration-ms="29255">
    <groups>
    </groups>
    <test started-at="2025-05-19T16:06:47 IST" name="Default test" finished-at="2025-05-19T16:07:16 IST" duration-ms="29255">
      <class name="stepDefinitions.learing">
        <test-method is-config="true" signature="before()[pri:0, instance:stepDefinitions.learing@408d971b]" started-at="2025-05-19T16:06:47 IST" name="before" finished-at="2025-05-19T16:07:06 IST" duration-ms="19691" status="PASS">
          <reporter-output>
          </reporter-output>
        </test-method> <!-- before -->
        <test-method signature="checkbox()[pri:0, instance:stepDefinitions.learing@408d971b]" started-at="2025-05-19T16:07:06 IST" name="checkbox" finished-at="2025-05-19T16:07:16 IST" duration-ms="9309" status="PASS">
          <reporter-output>
          </reporter-output>
        </test-method> <!-- checkbox -->
        <test-method is-config="true" signature="after()[pri:0, instance:stepDefinitions.learing@408d971b]" started-at="2025-05-19T16:07:16 IST" name="after" finished-at="2025-05-19T16:07:16 IST" duration-ms="206" status="PASS">
          <reporter-output>
          </reporter-output>
        </test-method> <!-- after -->
      </class> <!-- stepDefinitions.learing -->
    </test> <!-- Default test -->
  </suite> <!-- Default suite -->
</testng-results>
